\BOOKMARK [0][]{chapter.1}{\376\377\0001\000\040\000Z\000o\000t\000e\000r\000o\116\013\217\175\133\211\210\305\123\312\230\230\137\125\133\374\121\145}{}% 1
\BOOKMARK [1][]{section.1.1}{\376\377\0001\000.\0001\000\040\000Z\000o\000t\000e\000r\000o\166\204\133\211\210\305}{chapter.1}% 2
\BOOKMARK [1][]{section.1.2}{\376\377\0001\000.\0002\000\040\155\117\211\310\126\150\143\322\116\366\166\204\133\211\210\305}{chapter.1}% 3
\BOOKMARK [1][]{section.1.3}{\376\377\0001\000.\0003\000\040\136\372\172\313\201\352\135\361\166\204\000Z\000o\000t\000e\000r\000o\145\207\163\056\136\223}{chapter.1}% 4
\BOOKMARK [2][]{subsection.1.3.1}{\376\377\0001\000.\0003\000.\0001\000\040\213\276\177\156\145\207\163\056\136\223\127\050\170\154\166\330\116\012\166\204\117\115\177\156}{section.1.3}% 5
\BOOKMARK [2][]{subsection.1.3.2}{\376\377\0001\000.\0003\000.\0002\000\040\116\316\177\121\172\331\133\374\121\145\230\230\137\125\123\312\121\150\145\207}{section.1.3}% 6
\BOOKMARK [2][]{subsection.1.3.3}{\376\377\0001\000.\0003\000.\0003\000\040\220\032\217\307\145\207\163\056\150\007\213\306\173\046\133\374\121\145\230\230\137\125}{section.1.3}% 7
\BOOKMARK [2][]{subsection.1.3.4}{\376\377\0001\000.\0003\000.\0004\000\040\135\362\147\011\000P\000D\000F\145\207\163\056\166\204\133\374\121\145}{section.1.3}% 8
\BOOKMARK [2][]{subsection.1.3.5}{\376\377\0001\000.\0003\000.\0005\000\040\116\316\121\166\116\326\145\207\163\056\173\241\164\006\217\157\116\366\133\374\121\145}{section.1.3}% 9
\BOOKMARK [2][]{subsection.1.3.6}{\376\377\0001\000.\0003\000.\0006\000\040\142\113\122\250\137\125\121\145\230\230\137\125}{section.1.3}% 10
\BOOKMARK [2][]{subsection.1.3.7}{\376\377\0001\000.\0003\000.\0007\000\040\224\376\143\245\121\150\145\207}{section.1.3}% 11
\BOOKMARK [0][]{chapter.2}{\376\377\0002\000\040\127\050\000W\000o\000r\000d\116\055\121\231\117\134\145\366\165\050\000Z\000o\000t\000e\000r\000o\143\322\121\145\123\302\200\003\145\207\163\056}{}% 12
\BOOKMARK [1][]{section.2.1}{\376\377\0002\000.\0001\000\040\143\322\121\145\123\302\200\003\145\207\163\056}{chapter.2}% 13
\BOOKMARK [1][]{section.2.2}{\376\377\0002\000.\0002\000\040\122\040\226\144\123\302\200\003\145\207\163\056\123\312\214\003\145\164\123\302\200\003\145\207\163\056\166\204\230\172\136\217}{chapter.2}% 14
\BOOKMARK [1][]{section.2.3}{\376\377\0002\000.\0003\000\040\122\007\143\142\000S\000t\000y\000l\000e}{chapter.2}% 15
\BOOKMARK [1][]{section.2.4}{\376\377\0002\000.\0004\000\040\155\373\122\240\147\054\127\060\000c\000s\000l\145\207\116\366}{chapter.2}% 16
\BOOKMARK [1][]{section.2.5}{\376\377\0002\000.\0005\000\040\123\273\226\144\127\337\116\343\170\001}{chapter.2}% 17
\BOOKMARK [0][]{chapter.3}{\376\377\0003\000\040\122\051\165\050\127\132\147\234\116\221\124\014\153\145\121\150\145\207}{}% 18
\BOOKMARK [1][]{section.3.1}{\376\377\0003\000.\0001\000\040\154\350\121\214\000Z\000o\000t\000e\000r\000o\165\050\142\067}{chapter.3}% 19
\BOOKMARK [1][]{section.3.2}{\376\377\0003\000.\0002\000\040\127\132\147\234\116\221\154\350\121\214\123\312\213\276\177\156}{chapter.3}% 20
\BOOKMARK [1][]{section.3.3}{\376\377\0003\000.\0003\000\040\000\040\000Z\000o\000t\000F\000i\000l\000e\143\322\116\366\133\211\210\305}{chapter.3}% 21
\BOOKMARK [1][]{section.3.4}{\376\377\0003\000.\0004\000\040\000Z\000o\000t\000e\000r\000o\116\055\124\014\153\145\213\276\177\156}{chapter.3}% 22
\BOOKMARK [1][]{section.3.5}{\376\377\0003\000.\0005\000\040\000Z\000o\000t\000F\000i\000l\000e\143\322\116\366\213\276\177\156\123\312\134\006\226\104\116\366\217\154\171\373\122\060\127\132\147\234\116\221\124\014\153\145\166\330}{chapter.3}% 23
\BOOKMARK [0][]{chapter.4}{\376\377\0004\000\040\000Z\000o\000t\000e\000r\000o\177\244\176\304\166\204\117\177\165\050}{}% 24
\BOOKMARK [1][]{section.4.1}{\376\377\0004\000.\0001\000\040\122\033\136\372\177\244\176\304\136\166\220\200\213\367\121\166\116\326\116\272\122\240\121\145}{chapter.4}% 25
\BOOKMARK [1][]{section.4.2}{\376\377\0004\000.\0002\000\040\165\063\213\367\122\240\121\145\177\244\176\304}{chapter.4}% 26
\BOOKMARK [1][]{section.4.3}{\376\377\0004\000.\0003\000\040\177\244\176\304\145\207\163\056\155\373\122\240\124\214\131\015\122\066}{chapter.4}% 27
\BOOKMARK [0][]{chapter.5}{\376\377\0005\000\040\232\330\176\247\136\224\165\050\123\312\165\221\226\276\211\343\173\124}{}% 28
\BOOKMARK [1][]{section.5.1}{\376\377\0005\000.\0001\000\040\000Z\000o\000t\000e\000r\000o\000\040\150\007\173\176\166\204\117\177\165\050}{chapter.5}% 29
\BOOKMARK [1][]{section.5.2}{\376\377\0005\000.\0002\000\040\146\364\145\260\000C\000N\000K\000I\000.\000j\000s\377\014\137\123\147\011\147\103\226\120\145\366\127\050\000C\000N\000K\000I\133\374\121\145\230\230\137\125\166\204\124\014\145\366\116\013\217\175\121\150\145\207}{chapter.5}% 30
\BOOKMARK [1][]{section.5.3}{\376\377\0005\000.\0003\000\040\131\202\117\125\213\276\177\156\000Z\000o\000t\000e\000r\000o\165\037\142\020\166\204\123\302\200\003\145\207\163\056\150\074\137\017\377\014\122\067\145\260\124\016\116\015\123\330\377\037}{chapter.5}% 31
\BOOKMARK [1][]{section.5.4}{\376\377\0005\000.\0004\000\040\116\055\145\207\117\134\200\005\124\016\116\072\040\034\173\111\040\035\377\014\202\361\145\207\116\072\040\034\000e\000t\000\040\000a\000l\040\035\166\204\213\276\177\156\145\271\154\325}{chapter.5}% 32
\BOOKMARK [1][]{section.5.5}{\376\377\0005\000.\0005\000\040\117\177\165\050\133\217\377\014\117\177\116\055\145\207\117\134\200\005\124\016\116\072\040\034\173\111\040\035\377\014\202\361\145\207\116\072\040\034\000e\000t\000\040\000a\000l\040\035}{chapter.5}% 33
\BOOKMARK [1][]{section.5.6}{\376\377\0005\000.\0006\000\040\000a\000u\000t\000h\000o\000r\000+\000y\000e\000a\000r\150\074\137\017\116\013\377\014\000e\000t\000\040\000a\000l\131\202\117\125\123\330\116\072\145\234\117\123\377\037}{chapter.5}% 34
\BOOKMARK [1][]{section.5.7}{\376\377\0005\000.\0007\000\040\153\143\145\207\116\055\131\202\117\125\133\236\163\260\117\134\200\005\377\010\136\164\116\343\377\011\166\204\137\025\145\207\150\074\137\017\377\037}{chapter.5}% 35
\BOOKMARK [1][]{section.5.8}{\376\377\0005\000.\0008\000\040\213\276\177\156\145\207\163\056\230\230\166\356\116\055\166\204\145\234\117\123\060\001\116\012\377\010\116\013\377\011\150\007}{chapter.5}% 36
\BOOKMARK [1][]{section.5.9}{\376\377\0005\000.\0009\000\040\145\207\163\056\230\230\166\356\116\055\166\204\131\047\134\017\121\231\225\356\230\230}{chapter.5}% 37
\BOOKMARK [1][]{section.5.10}{\376\377\0005\000.\0001\0000\000\040\000W\000o\000r\000d\116\055\165\050\000Z\000o\000t\000e\000r\000o\143\322\121\145\166\204\145\207\163\056\146\057\174\173\117\074\116\161\170\001\166\204\127\337\116\343\170\001}{chapter.5}% 38
\BOOKMARK [1][]{section.5.11}{\376\377\0005\000.\0001\0001\000\040\000W\000o\000r\000d\116\055\154\241\147\011\000Z\000o\000t\000e\000r\000o\135\345\121\167\147\141\166\204\211\343\121\263\122\236\154\325\116\113\116\000}{chapter.5}% 39
\BOOKMARK [1][]{section.5.12}{\376\377\0005\000.\0001\0002\000\040\143\322\121\145\145\207\163\056\124\016\116\072\116\300\116\110\146\076\171\072\116\072\201\032\154\350\142\026\134\076\154\350\377\037}{chapter.5}% 40
\BOOKMARK [1][]{section.5.13}{\376\377\0005\000.\0001\0003\000\040\000W\000o\000r\000d\116\055\122\240\217\175\000z\000o\000t\000e\000r\000o\135\345\121\167\147\141\145\366\143\320\171\072\122\240\217\175\133\217\166\204\123\326\155\210\145\271\154\325}{chapter.5}% 41
\BOOKMARK [1][]{section.5.14}{\376\377\0005\000.\0001\0004\000\040\116\055\145\207\000P\000D\000F\133\374\121\145\145\271\154\325}{chapter.5}% 42
\BOOKMARK [1][]{section.5.15}{\376\377\0005\000.\0001\0005\000\040\000Z\000o\000t\000e\000r\000o\165\037\142\020\123\314\213\355\123\302\200\003\145\207\163\056\166\204\123\330\220\032\133\236\163\260\145\271\154\325}{chapter.5}% 43
\BOOKMARK [1][]{section.5.16}{\376\377\0005\000.\0001\0006\000\040\000Z\000o\000t\000e\000r\000o\150\300\175\042\137\025\144\316\166\204\117\177\165\050}{chapter.5}% 44
\BOOKMARK [1][]{section.5.17}{\376\377\0005\000.\0001\0007\000\040\000Z\000o\000t\000e\000r\000o\232\330\176\247\144\034\175\042\166\204\117\177\165\050}{chapter.5}% 45
\BOOKMARK [1][]{section.5.18}{\376\377\0005\000.\0001\0008\000\040\000Z\000o\000t\000e\000r\000o\133\374\121\145\116\023\122\051\145\207\163\056}{chapter.5}% 46
\BOOKMARK [1][]{section.5.19}{\376\377\0005\000.\0001\0009\000\040\000Z\000o\000t\000e\000r\000o\116\055\131\202\117\125\160\271\121\373\162\066\145\207\116\366\131\071\145\366\116\137\124\014\145\366\146\076\171\072\133\120\145\207\116\366\131\071\121\205\133\271\377\037}{chapter.5}% 47
\BOOKMARK [1][]{section.5.20}{\376\377\0005\000.\0002\0000\000\040\000W\000o\000r\000d\116\055\166\204\145\207\163\056\131\202\117\125\133\374\121\145\122\060\000Z\000o\000t\000e\000r\000o\136\223\116\055\377\037}{chapter.5}% 48
